0 verbose cli /root/.nvm/versions/node/v20.16.0/bin/node /root/.nvm/versions/node/v20.16.0/bin/npm
1 info using npm@10.8.1
2 info using node@v20.16.0
3 silly config load:file:/root/.nvm/versions/node/v20.16.0/lib/node_modules/npm/npmrc
4 silly config load:file:/root/swisstronik-privateNFT/.npmrc
5 silly config load:file:/root/.npmrc
6 silly config load:file:/root/.nvm/versions/node/v20.16.0/etc/npmrc
7 verbose title npm install
8 verbose argv "install"
9 verbose logfile logs-max:10 dir:/root/.npm/_logs/2024-08-20T04_20_22_207Z-
10 verbose logfile /root/.npm/_logs/2024-08-20T04_20_22_207Z-debug-0.log
11 silly packumentCache heap:997195776 maxSize:249298944 maxEntrySize:124649472
12 silly logfile start cleaning logs, removing 1 files
13 silly logfile done cleaning log files
14 silly idealTree buildDeps
15 silly reify moves {}
16 silly audit bulk request {
16 silly audit   '@adraffy/ens-normalize': [ '1.10.1' ],
16 silly audit   '@aws-crypto/sha256-js': [ '1.2.2' ],
16 silly audit   '@aws-crypto/util': [ '1.2.2' ],
16 silly audit   '@aws-sdk/types': [ '3.609.0' ],
16 silly audit   tslib: [ '2.6.3', '2.4.0', '1.14.1' ],
16 silly audit   '@aws-sdk/util-utf8-browser': [ '3.259.0' ],
16 silly audit   '@cspotcode/source-map-support': [ '0.8.1' ],
16 silly audit   '@ethereumjs/rlp': [ '4.0.1' ],
16 silly audit   '@ethereumjs/util': [ '8.1.0' ],
16 silly audit   '@noble/curves': [ '1.4.2', '1.2.0' ],
16 silly audit   '@scure/bip32': [ '1.4.0', '1.1.5' ],
16 silly audit   '@scure/bip39': [ '1.3.0', '1.1.1' ],
16 silly audit   'ethereum-cryptography': [ '2.2.1', '0.1.3', '1.2.0' ],
16 silly audit   '@ethersproject/abi': [ '5.7.0' ],
16 silly audit   '@ethersproject/abstract-provider': [ '5.7.0' ],
16 silly audit   '@ethersproject/abstract-signer': [ '5.7.0' ],
16 silly audit   '@ethersproject/address': [ '5.7.0', '5.6.1' ],
16 silly audit   '@ethersproject/base64': [ '5.7.0' ],
16 silly audit   '@ethersproject/basex': [ '5.7.0' ],
16 silly audit   '@ethersproject/bignumber': [ '5.7.0' ],
16 silly audit   '@ethersproject/bytes': [ '5.7.0' ],
16 silly audit   '@ethersproject/constants': [ '5.7.0' ],
16 silly audit   '@ethersproject/contracts': [ '5.7.0' ],
16 silly audit   '@ethersproject/hash': [ '5.7.0' ],
16 silly audit   '@ethersproject/hdnode': [ '5.7.0' ],
16 silly audit   '@ethersproject/json-wallets': [ '5.7.0' ],
16 silly audit   'aes-js': [ '3.0.0', '4.0.0-beta.5' ],
16 silly audit   '@ethersproject/keccak256': [ '5.7.0' ],
16 silly audit   '@ethersproject/logger': [ '5.7.0' ],
16 silly audit   '@ethersproject/networks': [ '5.7.1' ],
16 silly audit   '@ethersproject/pbkdf2': [ '5.7.0' ],
16 silly audit   '@ethersproject/properties': [ '5.7.0' ],
16 silly audit   '@ethersproject/providers': [ '5.7.2' ],
16 silly audit   ws: [ '7.4.6', '8.17.1', '7.5.10' ],
16 silly audit   '@ethersproject/random': [ '5.7.0' ],
16 silly audit   '@ethersproject/rlp': [ '5.7.0' ],
16 silly audit   '@ethersproject/sha2': [ '5.7.0' ],
16 silly audit   '@ethersproject/signing-key': [ '5.7.0' ],
16 silly audit   elliptic: [ '6.5.4', '6.5.6' ],
16 silly audit   'bn.js': [ '4.12.0', '5.2.1', '4.11.6' ],
16 silly audit   '@ethersproject/solidity': [ '5.7.0' ],
16 silly audit   '@ethersproject/strings': [ '5.7.0' ],
16 silly audit   '@ethersproject/transactions': [ '5.7.0' ],
16 silly audit   '@ethersproject/units': [ '5.7.0' ],
16 silly audit   '@ethersproject/wallet': [ '5.7.0' ],
16 silly audit   '@ethersproject/web': [ '5.7.1' ],
16 silly audit   '@ethersproject/wordlists': [ '5.7.0' ],
16 silly audit   '@fastify/busboy': [ '2.1.1' ],
16 silly audit   '@jridgewell/resolve-uri': [ '3.1.2' ],
16 silly audit   '@jridgewell/sourcemap-codec': [ '1.5.0' ],
16 silly audit   '@jridgewell/trace-mapping': [ '0.3.9' ],
16 silly audit   '@metamask/eth-sig-util': [ '4.0.1' ],
16 silly audit   '@noble/hashes': [ '1.3.2', '1.4.0', '1.2.0' ],
16 silly audit   '@noble/secp256k1': [ '1.7.1' ],
16 silly audit   '@nodelib/fs.scandir': [ '2.1.5' ],
16 silly audit   '@nodelib/fs.stat': [ '2.0.5' ],
16 silly audit   '@nodelib/fs.walk': [ '1.2.8' ],
16 silly audit   '@nomicfoundation/edr': [ '0.5.2' ],
16 silly audit   '@nomicfoundation/edr-darwin-arm64': [ '0.5.2' ],
16 silly audit   '@nomicfoundation/edr-darwin-x64': [ '0.5.2' ],
16 silly audit   '@nomicfoundation/edr-linux-arm64-gnu': [ '0.5.2' ],
16 silly audit   '@nomicfoundation/edr-linux-arm64-musl': [ '0.5.2' ],
16 silly audit   '@nomicfoundation/edr-linux-x64-gnu': [ '0.5.2' ],
16 silly audit   '@nomicfoundation/edr-linux-x64-musl': [ '0.5.2' ],
16 silly audit   '@nomicfoundation/edr-win32-x64-msvc': [ '0.5.2' ],
16 silly audit   '@nomicfoundation/ethereumjs-common': [ '4.0.4' ],
16 silly audit   '@nomicfoundation/ethereumjs-rlp': [ '5.0.4' ],
16 silly audit   '@nomicfoundation/ethereumjs-tx': [ '5.0.4' ],
16 silly audit   '@nomicfoundation/ethereumjs-util': [ '9.0.4' ],
16 silly audit   '@nomicfoundation/hardhat-chai-matchers': [ '2.0.7' ],
16 silly audit   '@nomicfoundation/hardhat-ethers': [ '3.0.6' ],
16 silly audit   '@nomicfoundation/hardhat-ignition': [ '0.15.5' ],
16 silly audit   '@nomicfoundation/hardhat-ignition-ethers': [ '0.15.5' ],
16 silly audit   'ansi-styles': [ '4.3.0', '3.2.1' ],
16 silly audit   chalk: [ '4.1.2', '2.4.2' ],
16 silly audit   'color-convert': [ '2.0.1', '1.9.3' ],
16 silly audit   'fs-extra': [ '10.1.0', '9.1.0', '7.0.1', '8.1.0' ],
16 silly audit   'has-flag': [ '4.0.0', '3.0.0', '1.0.0' ],
16 silly audit   jsonfile: [ '6.1.0', '4.0.0' ],
16 silly audit   'supports-color': [ '7.2.0', '8.1.1', '3.2.3', '5.5.0' ],
16 silly audit   universalify: [ '2.0.1', '0.1.2' ],
16 silly audit   '@nomicfoundation/hardhat-network-helpers': [ '1.0.11' ],
16 silly audit   '@types/bn.js': [ '5.1.5', '4.11.6' ],
16 silly audit   'ethereumjs-util': [ '7.1.5', '6.2.1' ],
16 silly audit   '@nomicfoundation/hardhat-toolbox': [ '5.0.0' ],
16 silly audit   '@nomicfoundation/hardhat-verify': [ '2.0.8' ],
16 silly audit   '@nomicfoundation/ignition-core': [ '0.15.5' ],
16 silly audit   cbor: [ '9.0.2', '8.1.0' ],
16 silly audit   immer: [ '10.0.2', '10.1.1' ],
16 silly audit   '@nomicfoundation/ignition-ui': [ '0.15.5' ],
16 silly audit   '@nomicfoundation/solidity-analyzer': [ '0.1.2' ],
16 silly audit   '@nomicfoundation/solidity-analyzer-darwin-arm64': [ '0.1.2' ],
16 silly audit   '@nomicfoundation/solidity-analyzer-darwin-x64': [ '0.1.2' ],
16 silly audit   '@nomicfoundation/solidity-analyzer-linux-arm64-gnu': [ '0.1.2' ],
16 silly audit   '@nomicfoundation/solidity-analyzer-linux-arm64-musl': [ '0.1.2' ],
16 silly audit   '@nomicfoundation/solidity-analyzer-linux-x64-gnu': [ '0.1.2' ],
16 silly audit   '@nomicfoundation/solidity-analyzer-linux-x64-musl': [ '0.1.2' ],
16 silly audit   '@nomicfoundation/solidity-analyzer-win32-x64-msvc': [ '0.1.2' ],
16 silly audit   '@oasisprotocol/deoxysii': [ '0.0.5' ],
16 silly audit   '@openzeppelin/contracts': [ '5.0.2' ],
16 silly audit   '@openzeppelin/defender-sdk-base-client': [ '1.14.3' ],
16 silly audit   '@openzeppelin/defender-sdk-deploy-client': [ '1.14.3' ],
16 silly audit   '@openzeppelin/defender-sdk-network-client': [ '1.14.3' ],
16 silly audit   '@openzeppelin/hardhat-upgrades': [ '3.2.0' ],
16 silly audit   undici: [ '6.19.4', '5.28.4' ],
16 silly audit   '@openzeppelin/upgrades-core': [ '1.34.4' ],
16 silly audit   '@scure/base': [ '1.1.7' ],
16 silly audit   '@sentry/core': [ '5.30.0' ],
16 silly audit   '@sentry/hub': [ '5.30.0' ],
16 silly audit   '@sentry/minimal': [ '5.30.0' ],
16 silly audit   '@sentry/node': [ '5.30.0' ],
16 silly audit   '@sentry/tracing': [ '5.30.0' ],
16 silly audit   '@sentry/types': [ '5.30.0' ],
16 silly audit   '@sentry/utils': [ '5.30.0' ],
16 silly audit   '@smithy/types': [ '3.3.0' ],
16 silly audit   '@solidity-parser/parser': [ '0.14.5', '0.18.0' ],
16 silly audit   '@swisstronik/utils': [ '1.3.0' ],
16 silly audit   bech32: [ '2.0.0', '1.1.4' ],
16 silly audit   ethers: [ '5.7.2', '6.13.1' ],
16 silly audit   rlp: [ '3.0.0', '2.2.7' ],
16 silly audit   '@tsconfig/node10': [ '1.0.11' ],
16 silly audit   '@tsconfig/node12': [ '1.0.11' ],
16 silly audit   '@tsconfig/node14': [ '1.0.3' ],
16 silly audit   '@tsconfig/node16': [ '1.0.4' ],
16 silly audit   '@typechain/ethers-v6': [ '0.5.1' ],
16 silly audit   '@typechain/hardhat': [ '9.1.0' ],
16 silly audit   '@types/chai': [ '4.3.16' ],
16 silly audit   '@types/chai-as-promised': [ '7.1.8' ],
16 silly audit   '@types/concat-stream': [ '1.6.1' ],
16 silly audit   '@types/form-data': [ '0.0.33' ],
16 silly audit   '@types/glob': [ '7.2.0' ],
16 silly audit   '@types/lru-cache': [ '5.1.1' ],
16 silly audit   '@types/minimatch': [ '5.1.2' ],
16 silly audit   '@types/mocha': [ '10.0.7' ],
16 silly audit   '@types/node': [ '20.14.12', '18.15.13', '10.17.60', '8.10.66' ],
16 silly audit   'undici-types': [ '5.26.5', '5.28.4' ],
16 silly audit   '@types/pbkdf2': [ '3.1.2' ],
16 silly audit   '@types/prettier': [ '2.7.3' ],
16 silly audit   '@types/qs': [ '6.9.15' ],
16 silly audit   '@types/secp256k1': [ '4.0.6' ],
16 silly audit   abbrev: [ '1.1.1', '1.0.9' ],
16 silly audit   acorn: [ '8.12.1' ],
16 silly audit   'acorn-walk': [ '8.3.3' ],
16 silly audit   'adm-zip': [ '0.4.16' ],
16 silly audit   'agent-base': [ '6.0.2' ],
16 silly audit   'aggregate-error': [ '3.1.0' ],
16 silly audit   ajv: [ '8.17.1' ],
16 silly audit   'amazon-cognito-identity-js': [ '6.3.12' ],
16 silly audit   amdefine: [ '1.0.1' ],
16 silly audit   'ansi-align': [ '3.0.1' ],
16 silly audit   'ansi-colors': [ '4.1.3' ],
16 silly audit   'ansi-escapes': [ '4.3.2' ],
16 silly audit   'ansi-regex': [ '5.0.1', '3.0.1' ],
16 silly audit   antlr4ts: [ '0.5.0-alpha.4' ],
16 silly audit   anymatch: [ '3.1.3' ],
16 silly audit   arg: [ '4.1.3' ],
16 silly audit   argparse: [ '2.0.1', '1.0.10' ],
16 silly audit   'array-back': [ '3.1.0', '4.0.2' ],
16 silly audit   'array-buffer-byte-length': [ '1.0.1' ],
16 silly audit   'array-union': [ '2.1.0' ],
16 silly audit   'array-uniq': [ '1.0.3' ],
16 silly audit   'array.prototype.findlast': [ '1.2.5' ],
16 silly audit   'arraybuffer.prototype.slice': [ '1.0.3' ],
16 silly audit   asap: [ '2.0.6' ],
16 silly audit   'assertion-error': [ '1.1.0' ],
16 silly audit   'astral-regex': [ '2.0.0' ],
16 silly audit   async: [ '1.5.2' ],
16 silly audit   'async-retry': [ '1.3.3' ],
16 silly audit   asynckit: [ '0.4.0' ],
16 silly audit   'at-least-node': [ '1.0.0' ],
16 silly audit   'available-typed-arrays': [ '1.0.7' ],
16 silly audit   axios: [ '1.7.2' ],
16 silly audit   'balanced-match': [ '1.0.2' ],
16 silly audit   'base-x': [ '3.0.10' ],
16 silly audit   'base64-js': [ '1.5.1' ],
16 silly audit   'binary-extensions': [ '2.3.0' ],
16 silly audit   blakejs: [ '1.2.1' ],
16 silly audit   boxen: [ '5.1.2' ],
16 silly audit   'type-fest': [ '0.20.2', '0.7.1', '0.21.3' ],
16 silly audit   'brace-expansion': [ '1.1.11', '2.0.1' ],
16 silly audit   braces: [ '3.0.3' ],
16 silly audit   brorand: [ '1.1.0' ],
16 silly audit   'browser-stdout': [ '1.3.1' ],
16 silly audit   'browserify-aes': [ '1.2.0' ],
16 silly audit   bs58: [ '4.0.1' ],
16 silly audit   bs58check: [ '2.1.2' ],
16 silly audit   bsaes: [ '0.0.2' ],
16 silly audit   buffer: [ '4.9.2' ],
16 silly audit   'buffer-from': [ '1.1.2' ],
16 silly audit   'buffer-xor': [ '1.0.3' ],
16 silly audit   bytes: [ '3.1.2' ],
16 silly audit   'call-bind': [ '1.0.7' ],
16 silly audit   camelcase: [ '6.3.0' ],
16 silly audit   caseless: [ '0.12.0' ],
16 silly audit   chai: [ '4.4.1' ],
16 silly audit   'chai-as-promised': [ '7.1.2' ],
16 silly audit   charenc: [ '0.0.2' ],
16 silly audit   'check-error': [ '1.0.3' ],
16 silly audit   chokidar: [ '3.6.0' ],
16 silly audit   'ci-info': [ '2.0.0' ],
16 silly audit   'cipher-base': [ '1.0.4' ],
16 silly audit   'clean-stack': [ '2.2.0' ],
16 silly audit   'cli-boxes': [ '2.2.1' ],
16 silly audit   'cli-table3': [ '0.5.1' ],
16 silly audit   'is-fullwidth-code-point': [ '2.0.0', '3.0.0' ],
16 silly audit   'string-width': [ '2.1.1', '4.2.3' ],
16 silly audit   'strip-ansi': [ '4.0.0', '6.0.1' ],
16 silly audit   cliui: [ '7.0.4' ],
16 silly audit   'color-name': [ '1.1.3', '1.1.4' ],
16 silly audit   colors: [ '1.4.0' ],
16 silly audit   'combined-stream': [ '1.0.8' ],
16 silly audit   'command-exists': [ '1.2.9' ],
16 silly audit   'command-line-args': [ '5.2.1' ],
16 silly audit   'command-line-usage': [ '6.1.3' ],
16 silly audit   typical: [ '5.2.0', '4.0.0' ],
16 silly audit   commander: [ '8.3.0' ],
16 silly audit   'compare-versions': [ '6.1.1' ],
16 silly audit   'concat-map': [ '0.0.1' ],
16 silly audit   'concat-stream': [ '1.6.2' ],
16 silly audit   'readable-stream': [ '2.3.8', '3.6.2' ],
16 silly audit   'safe-buffer': [ '5.1.2', '5.2.1' ],
16 silly audit   string_decoder: [ '1.1.1', '1.3.0' ],
16 silly audit   cookie: [ '0.4.2' ],
16 silly audit   'core-util-is': [ '1.0.3' ],
16 silly audit   'create-hash': [ '1.2.0' ],
16 silly audit   'create-hmac': [ '1.1.7' ],
16 silly audit   'create-require': [ '1.1.1' ],
16 silly audit   crypt: [ '0.0.2' ],
16 silly audit   'data-view-buffer': [ '1.0.1' ],
16 silly audit   'data-view-byte-length': [ '1.0.1' ],
16 silly audit   'data-view-byte-offset': [ '1.0.0' ],
16 silly audit   death: [ '1.1.0' ],
16 silly audit   debug: [ '4.3.5' ],
16 silly audit   ms: [ '2.1.2', '2.1.3' ],
16 silly audit   decamelize: [ '4.0.0' ],
16 silly audit   'deep-eql': [ '4.1.4' ],
16 silly audit   'deep-extend': [ '0.6.0' ],
16 silly audit   'deep-is': [ '0.1.4' ],
16 silly audit   'define-data-property': [ '1.1.4' ],
16 silly audit   'define-properties': [ '1.2.1' ],
16 silly audit   'delayed-stream': [ '1.0.0' ],
16 silly audit   depd: [ '2.0.0' ],
16 silly audit   diff: [ '5.2.0', '4.0.2' ],
16 silly audit   difflib: [ '0.2.4' ],
16 silly audit   'dir-glob': [ '3.0.1' ],
16 silly audit   dotenv: [ '16.4.5' ],
16 silly audit   'emoji-regex': [ '8.0.0' ],
16 silly audit   enquirer: [ '2.4.1' ],
16 silly audit   'env-paths': [ '2.2.1' ],
16 silly audit   'es-abstract': [ '1.23.3' ],
16 silly audit   'es-define-property': [ '1.0.0' ],
16 silly audit   'es-errors': [ '1.3.0' ],
16 silly audit   'es-object-atoms': [ '1.0.0' ],
16 silly audit   'es-set-tostringtag': [ '2.0.3' ],
16 silly audit   'es-shim-unscopables': [ '1.0.2' ],
16 silly audit   'es-to-primitive': [ '1.2.1' ],
16 silly audit   escalade: [ '3.1.2' ],
16 silly audit   'escape-string-regexp': [ '1.0.5', '4.0.0' ],
16 silly audit   escodegen: [ '1.14.3', '1.8.1' ],
16 silly audit   esprima: [ '4.0.1', '2.7.3' ],
16 silly audit   estraverse: [ '4.3.0', '1.9.3' ],
16 silly audit   esutils: [ '2.0.3' ],
16 silly audit   'eth-gas-reporter': [ '0.2.27' ],
16 silly audit   'ethereum-bloom-filters': [ '1.1.0' ],
16 silly audit   'ethereumjs-abi': [ '0.6.8' ],
16 silly audit   'ethjs-unit': [ '0.1.6' ],
16 silly audit   'ethjs-util': [ '0.1.6' ],
16 silly audit   evp_bytestokey: [ '1.0.3' ],
16 silly audit   'fast-base64-decode': [ '1.0.0' ],
16 silly audit   'fast-deep-equal': [ '3.1.3' ],
16 silly audit   'fast-glob': [ '3.3.2' ],
16 silly audit   'fast-levenshtein': [ '2.0.6' ],
16 silly audit   'fast-uri': [ '3.0.1' ],
16 silly audit   fastq: [ '1.17.1' ],
16 silly audit   'fill-range': [ '7.1.1' ],
16 silly audit   'find-replace': [ '3.0.0' ],
16 silly audit   'find-up': [ '2.1.0', '5.0.0' ],
16 silly audit   flat: [ '5.0.2' ],
16 silly audit   'follow-redirects': [ '1.15.6' ],
16 silly audit   'for-each': [ '0.3.3' ],
16 silly audit   'form-data': [ '4.0.0', '2.5.1' ],
16 silly audit   'fp-ts': [ '1.19.5', '1.19.3' ],
16 silly audit   'fs-readdir-recursive': [ '1.1.0' ],
16 silly audit   'fs.realpath': [ '1.0.0' ],
16 silly audit   fsevents: [ '2.3.3' ],
16 silly audit   'function-bind': [ '1.1.2' ],
16 silly audit   'function.prototype.name': [ '1.1.6' ],
16 silly audit   'functions-have-names': [ '1.2.3' ],
16 silly audit   'get-caller-file': [ '2.0.5' ],
16 silly audit   'get-func-name': [ '2.0.2' ],
16 silly audit   'get-intrinsic': [ '1.2.4' ],
16 silly audit   'get-port': [ '3.2.0' ],
16 silly audit   'get-symbol-description': [ '1.0.2' ],
16 silly audit   'ghost-testrpc': [ '0.0.2' ],
16 silly audit   glob: [ '7.2.3', '7.2.0', '8.1.0', '5.0.15', '7.1.7' ],
16 silly audit   'glob-parent': [ '5.1.2' ],
16 silly audit   'global-modules': [ '2.0.0' ],
16 silly audit   'global-prefix': [ '3.0.0' ],
16 silly audit   globalthis: [ '1.0.4' ],
16 silly audit   globby: [ '10.0.2' ],
16 silly audit   gopd: [ '1.0.1' ],
16 silly audit   'graceful-fs': [ '4.2.11' ],
16 silly audit   handlebars: [ '4.7.8' ],
16 silly audit   hardhat: [ '2.22.8' ],
16 silly audit   'hardhat-gas-reporter': [ '1.0.10' ],
16 silly audit   resolve: [ '1.17.0', '1.22.8', '1.1.7' ],
16 silly audit   'has-bigints': [ '1.0.2' ],
16 silly audit   'has-property-descriptors': [ '1.0.2' ],
16 silly audit   'has-proto': [ '1.0.3' ],
16 silly audit   'has-symbols': [ '1.0.3' ],
16 silly audit   'has-tostringtag': [ '1.0.2' ],
16 silly audit   'hash-base': [ '3.1.0' ],
16 silly audit   'hash.js': [ '1.1.7' ],
16 silly audit   hasown: [ '2.0.2' ],
16 silly audit   he: [ '1.2.0' ],
16 silly audit   heap: [ '0.2.7' ],
16 silly audit   'hmac-drbg': [ '1.0.1' ],
16 silly audit   'http-basic': [ '8.1.3' ],
16 silly audit   'http-errors': [ '2.0.0' ],
16 silly audit   'http-response-object': [ '3.0.2' ],
16 silly audit   'https-proxy-agent': [ '5.0.1' ],
16 silly audit   'iconv-lite': [ '0.4.24' ],
16 silly audit   ieee754: [ '1.2.1' ],
16 silly audit   ignore: [ '5.3.1' ],
16 silly audit   immutable: [ '4.3.7' ],
16 silly audit   'indent-string': [ '4.0.0' ],
16 silly audit   inflight: [ '1.0.6' ],
16 silly audit   inherits: [ '2.0.4' ],
16 silly audit   ini: [ '1.3.8' ],
16 silly audit   'internal-slot': [ '1.0.7' ],
16 silly audit   interpret: [ '1.4.0' ],
16 silly audit   'io-ts': [ '1.10.4' ],
16 silly audit   'is-array-buffer': [ '3.0.4' ],
16 silly audit   'is-bigint': [ '1.0.4' ],
16 silly audit   'is-binary-path': [ '2.1.0' ],
16 silly audit   'is-boolean-object': [ '1.1.2' ],
16 silly audit   'is-callable': [ '1.2.7' ],
16 silly audit   'is-core-module': [ '2.15.0' ],
16 silly audit   'is-data-view': [ '1.0.1' ],
16 silly audit   'is-date-object': [ '1.0.5' ],
16 silly audit   'is-extglob': [ '2.1.1' ],
16 silly audit   'is-glob': [ '4.0.3' ],
16 silly audit   'is-hex-prefixed': [ '1.0.0' ],
16 silly audit   'is-negative-zero': [ '2.0.3' ],
16 silly audit   'is-number': [ '7.0.0' ],
16 silly audit   'is-number-object': [ '1.0.7' ],
16 silly audit   'is-plain-obj': [ '2.1.0' ],
16 silly audit   'is-regex': [ '1.1.4' ],
16 silly audit   'is-shared-array-buffer': [ '1.0.3' ],
16 silly audit   'is-string': [ '1.0.7' ],
16 silly audit   'is-symbol': [ '1.0.4' ],
16 silly audit   'is-typed-array': [ '1.1.13' ],
16 silly audit   'is-unicode-supported': [ '0.1.0' ],
16 silly audit   'is-weakref': [ '1.0.2' ],
16 silly audit   isarray: [ '1.0.0', '2.0.5' ],
16 silly audit   isexe: [ '2.0.0' ],
16 silly audit   'isomorphic-unfetch': [ '3.1.0' ],
16 silly audit   'js-cookie': [ '2.2.1' ],
16 silly audit   'js-sha3': [ '0.8.0' ],
16 silly audit   'js-yaml': [ '4.1.0', '3.14.1' ],
16 silly audit   'json-schema-traverse': [ '1.0.0' ],
16 silly audit   'json-stringify-safe': [ '5.0.1' ],
16 silly audit   jsonschema: [ '1.4.1' ],
16 silly audit   keccak: [ '3.0.4' ],
16 silly audit   'kind-of': [ '6.0.3' ],
16 silly audit   kleur: [ '3.0.3' ],
16 silly audit   levn: [ '0.3.0' ],
16 silly audit   'prelude-ls': [ '1.1.2', '1.2.1' ],
16 silly audit   'locate-path': [ '2.0.0', '6.0.0' ],
16 silly audit   lodash: [ '4.17.21' ],
16 silly audit   'lodash.camelcase': [ '4.3.0' ],
16 silly audit   'lodash.clonedeep': [ '4.5.0' ],
16 silly audit   'lodash.isequal': [ '4.5.0' ],
16 silly audit   'lodash.truncate': [ '4.4.2' ],
16 silly audit   'log-symbols': [ '4.1.0' ],
16 silly audit   loupe: [ '2.3.7' ],
16 silly audit   lru_map: [ '0.3.3' ],
16 silly audit   'make-error': [ '1.3.6' ],
16 silly audit   'markdown-table': [ '1.1.3' ],
16 silly audit   'md5.js': [ '1.3.5' ],
16 silly audit   memorystream: [ '0.3.1' ],
16 silly audit   merge2: [ '1.4.1' ],
16 silly audit   'micro-ftch': [ '0.3.1' ],
16 silly audit   micromatch: [ '4.0.7' ],
16 silly audit   'mime-db': [ '1.53.0', '1.52.0' ],
16 silly audit   'mime-types': [ '2.1.35' ],
16 silly audit   'minimalistic-assert': [ '1.0.1' ],
16 silly audit   'minimalistic-crypto-utils': [ '1.0.1' ],
16 silly audit   minimatch: [ '3.1.2', '5.1.6' ],
16 silly audit   minimist: [ '1.2.8' ],
16 silly audit   mkdirp: [ '0.5.6', '1.0.4' ],
16 silly audit   mnemonist: [ '0.38.5' ],
16 silly audit   mocha: [ '10.7.0' ],
16 silly audit   'p-limit': [ '3.1.0', '1.3.0' ],
16 silly audit   'p-locate': [ '5.0.0', '2.0.0' ],
16 silly audit   'path-exists': [ '4.0.0', '3.0.0' ],
16 silly audit   ndjson: [ '2.0.0' ],
16 silly audit   'neo-async': [ '2.6.2' ],
16 silly audit   'node-addon-api': [ '2.0.2' ],
16 silly audit   'node-emoji': [ '1.11.0' ],
16 silly audit   'node-fetch': [ '2.7.0' ],
16 silly audit   'node-gyp-build': [ '4.8.1' ],
16 silly audit   nofilter: [ '3.1.0' ],
16 silly audit   nopt: [ '3.0.6' ],
16 silly audit   'normalize-path': [ '3.0.0' ],
16 silly audit   'number-to-bn': [ '1.7.0' ],
16 silly audit   'object-assign': [ '4.1.1' ],
16 silly audit   'object-inspect': [ '1.13.2' ],
16 silly audit   'object-keys': [ '1.1.1' ],
16 silly audit   'object.assign': [ '4.1.5' ],
16 silly audit   obliterator: [ '2.0.4' ],
16 silly audit   once: [ '1.4.0' ],
16 silly audit   optionator: [ '0.8.3' ],
16 silly audit   ordinal: [ '1.0.3' ],
16 silly audit   'os-tmpdir': [ '1.0.2' ],
16 silly audit   'p-map': [ '4.0.0' ],
16 silly audit   'p-try': [ '1.0.0' ],
16 silly audit   'parse-cache-control': [ '1.0.1' ],
16 silly audit   'path-is-absolute': [ '1.0.1' ],
16 silly audit   'path-parse': [ '1.0.7' ],
16 silly audit   'path-type': [ '4.0.0' ],
16 silly audit   pathval: [ '1.1.1' ],
16 silly audit   pbkdf2: [ '3.1.2' ],
16 silly audit   picomatch: [ '2.3.1' ],
16 silly audit   pify: [ '4.0.1' ],
16 silly audit   'possible-typed-array-names': [ '1.0.0' ],
16 silly audit   prettier: [ '2.8.8' ],
16 silly audit   'process-nextick-args': [ '2.0.1' ],
16 silly audit   promise: [ '8.3.0' ],
16 silly audit   prompts: [ '2.4.2' ],
16 silly audit   'proper-lockfile': [ '4.1.2' ],
16 silly audit   retry: [ '0.12.0', '0.13.1' ],
16 silly audit   'proxy-from-env': [ '1.1.0' ],
16 silly audit   qs: [ '6.12.3' ],
16 silly audit   'queue-microtask': [ '1.2.3' ],
16 silly audit   randombytes: [ '2.1.0' ],
16 silly audit   'raw-body': [ '2.5.2' ],
16 silly audit   readdirp: [ '3.6.0' ],
16 silly audit   rechoir: [ '0.6.2' ],
16 silly audit   'recursive-readdir': [ '2.2.3' ],
16 silly audit   'reduce-flatten': [ '2.0.0' ],
16 silly audit   'regexp.prototype.flags': [ '1.5.2' ],
16 silly audit   'req-cwd': [ '2.0.0' ],
16 silly audit   'req-from': [ '2.0.0' ],
16 silly audit   'require-directory': [ '2.1.1' ],
16 silly audit   'require-from-string': [ '2.0.2' ],
16 silly audit   'resolve-from': [ '3.0.0' ],
16 silly audit   reusify: [ '1.0.4' ],
16 silly audit   ripemd160: [ '2.0.2' ],
16 silly audit   'run-parallel': [ '1.2.0' ],
16 silly audit   'safe-array-concat': [ '1.1.2' ],
16 silly audit   'safe-regex-test': [ '1.0.3' ],
16 silly audit   'safer-buffer': [ '2.1.2' ],
16 silly audit   'sc-istanbul': [ '0.4.6' ],
16 silly audit   'source-map': [ '0.2.0', '0.6.1' ],
16 silly audit   'sprintf-js': [ '1.0.3', '1.1.3' ],
16 silly audit   'scrypt-js': [ '3.0.1' ],
16 silly audit   secp256k1: [ '4.0.3' ],
16 silly audit   semver: [ '6.3.1', '5.7.2', '7.6.3' ],
16 silly audit   'serialize-javascript': [ '6.0.2' ],
16 silly audit   'set-function-length': [ '1.2.2' ],
16 silly audit   'set-function-name': [ '2.0.2' ],
16 silly audit   setimmediate: [ '1.0.5' ],
16 silly audit   setprototypeof: [ '1.2.0' ],
16 silly audit   'sha.js': [ '2.4.11' ],
16 silly audit   sha1: [ '1.1.1' ],
16 silly audit   shelljs: [ '0.8.5' ],
16 silly audit   'side-channel': [ '1.0.6' ],
16 silly audit   'signal-exit': [ '3.0.7' ],
16 silly audit   sisteransi: [ '1.0.5' ],
16 silly audit   slash: [ '3.0.0' ],
16 silly audit   'slice-ansi': [ '4.0.0' ],
16 silly audit   solc: [ '0.8.26' ],
16 silly audit   'solidity-ast': [ '0.4.56' ],
16 silly audit   'solidity-coverage': [ '0.8.12' ],
16 silly audit   'source-map-support': [ '0.5.21' ],
16 silly audit   split2: [ '3.2.2' ],
16 silly audit   'stacktrace-parser': [ '0.1.10' ],
16 silly audit   statuses: [ '2.0.1' ],
16 silly audit   'string-format': [ '2.0.0' ],
16 silly audit   'string.prototype.trim': [ '1.2.9' ],
16 silly audit   'string.prototype.trimend': [ '1.0.8' ],
16 silly audit   'string.prototype.trimstart': [ '1.0.8' ],
16 silly audit   'strip-hex-prefix': [ '1.0.0' ],
16 silly audit   'strip-json-comments': [ '3.1.1' ],
16 silly audit   'supports-preserve-symlinks-flag': [ '1.0.0' ],
16 silly audit   'sync-request': [ '6.1.0' ],
16 silly audit   'sync-rpc': [ '1.3.6' ],
16 silly audit   table: [ '6.8.2' ],
16 silly audit   'table-layout': [ '1.0.2' ],
16 silly audit   'then-request': [ '6.0.2' ],
16 silly audit   through2: [ '4.0.2' ],
16 silly audit   tmp: [ '0.0.33' ],
16 silly audit   'to-regex-range': [ '5.0.1' ],
16 silly audit   toidentifier: [ '1.0.1' ],
16 silly audit   tr46: [ '0.0.3' ],
16 silly audit   'ts-command-line-args': [ '2.5.1' ],
16 silly audit   'ts-essentials': [ '7.0.3' ],
16 silly audit   'ts-node': [ '10.9.2' ],
16 silly audit   tsort: [ '0.0.1' ],
16 silly audit   tweetnacl: [ '1.0.3' ],
16 silly audit   'tweetnacl-util': [ '0.15.1' ],
16 silly audit   'type-check': [ '0.3.2' ],
16 silly audit   'type-detect': [ '4.0.8' ],
16 silly audit   typechain: [ '8.3.2' ],
16 silly audit   'typed-array-buffer': [ '1.0.2' ],
16 silly audit   'typed-array-byte-length': [ '1.0.1' ],
16 silly audit   'typed-array-byte-offset': [ '1.0.2' ],
16 silly audit   'typed-array-length': [ '1.0.6' ],
16 silly audit   typedarray: [ '0.0.6' ],
16 silly audit   typescript: [ '5.5.4' ],
16 silly audit   'uglify-js': [ '3.19.0' ],
16 silly audit   uint32: [ '0.2.1' ],
16 silly audit   'unbox-primitive': [ '1.0.2' ],
16 silly audit   unfetch: [ '4.2.0' ],
16 silly audit   unpipe: [ '1.0.0' ],
16 silly audit   utf8: [ '3.0.0' ],
16 silly audit   'util-deprecate': [ '1.0.2' ],
16 silly audit   uuid: [ '8.3.2' ],
16 silly audit   'v8-compile-cache-lib': [ '3.0.1' ],
16 silly audit   'web3-utils': [ '1.10.4' ],
16 silly audit   'webidl-conversions': [ '3.0.1' ],
16 silly audit   'whatwg-url': [ '5.0.0' ],
16 silly audit   which: [ '1.3.1' ],
16 silly audit   'which-boxed-primitive': [ '1.0.2' ],
16 silly audit   'which-typed-array': [ '1.1.15' ],
16 silly audit   'widest-line': [ '3.1.0' ],
16 silly audit   'word-wrap': [ '1.2.5' ],
16 silly audit   wordwrap: [ '1.0.0' ],
16 silly audit   wordwrapjs: [ '4.0.1' ],
16 silly audit   workerpool: [ '6.5.1' ],
16 silly audit   'wrap-ansi': [ '7.0.0' ],
16 silly audit   wrappy: [ '1.0.2' ],
16 silly audit   y18n: [ '5.0.8' ],
16 silly audit   yargs: [ '16.2.0' ],
16 silly audit   'yargs-parser': [ '20.2.9' ],
16 silly audit   'yargs-unparser': [ '2.0.0' ],
16 silly audit   yn: [ '3.1.1' ],
16 silly audit   'yocto-queue': [ '0.1.0' ]
16 silly audit }
17 verbose reify failed optional dependency /root/swisstronik-privateNFT/node_modules/fsevents
18 silly reify mark deleted [ '/root/swisstronik-privateNFT/node_modules/fsevents' ]
19 http fetch POST 200 https://registry.npmjs.org/-/npm/v1/security/advisories/bulk 1105ms
20 silly audit report {
20 silly audit report   ws: [
20 silly audit report     {
20 silly audit report       id: 1098393,
20 silly audit report       url: 'https://github.com/advisories/GHSA-3h5v-q93c-6h6q',
20 silly audit report       title: 'ws affected by a DoS when handling a request with many HTTP headers',
20 silly audit report       severity: 'high',
20 silly audit report       vulnerable_versions: '>=7.0.0 <7.5.10',
20 silly audit report       cwe: [Array],
20 silly audit report       cvss: [Object]
20 silly audit report     }
20 silly audit report   ],
20 silly audit report   elliptic: [
20 silly audit report     {
20 silly audit report       id: 1098593,
20 silly audit report       url: 'https://github.com/advisories/GHSA-f7q4-pwc6-w24p',
20 silly audit report       title: "Elliptic's EDDSA missing signature length check",
20 silly audit report       severity: 'low',
20 silly audit report       vulnerable_versions: '>=4.0.0 <=6.5.6',
20 silly audit report       cwe: [Array],
20 silly audit report       cvss: [Object]
20 silly audit report     },
20 silly audit report     {
20 silly audit report       id: 1098594,
20 silly audit report       url: 'https://github.com/advisories/GHSA-977x-g7h5-7qgw',
20 silly audit report       title: "Elliptic's ECDSA missing check for whether leading bit of r and s is zero",
20 silly audit report       severity: 'low',
20 silly audit report       vulnerable_versions: '>=2.0.0 <=6.5.6',
20 silly audit report       cwe: [Array],
20 silly audit report       cvss: [Object]
20 silly audit report     },
20 silly audit report     {
20 silly audit report       id: 1098595,
20 silly audit report       url: 'https://github.com/advisories/GHSA-49q7-c7j4-3p7m',
20 silly audit report       title: 'Elliptic allows BER-encoded signatures',
20 silly audit report       severity: 'low',
20 silly audit report       vulnerable_versions: '>=5.2.1 <=6.5.6',
20 silly audit report       cwe: [Array],
20 silly audit report       cvss: [Object]
20 silly audit report     }
20 silly audit report   ],
20 silly audit report   axios: [
20 silly audit report     {
20 silly audit report       id: 1098583,
20 silly audit report       url: 'https://github.com/advisories/GHSA-8hc4-vh64-cxmj',
20 silly audit report       title: 'Server-Side Request Forgery in axios',
20 silly audit report       severity: 'high',
20 silly audit report       vulnerable_versions: '>=1.3.2 <=1.7.3',
20 silly audit report       cwe: [Array],
20 silly audit report       cvss: [Object]
20 silly audit report     }
20 silly audit report   ]
20 silly audit report }
21 silly packumentCache corgi:https://registry.npmjs.org/ws cache-miss
22 silly packumentCache corgi:https://registry.npmjs.org/elliptic cache-miss
23 silly packumentCache corgi:https://registry.npmjs.org/axios cache-miss
24 http fetch GET 200 https://registry.npmjs.org/axios 228ms (cache revalidated)
25 silly packumentCache corgi:https://registry.npmjs.org/axios set size:210916 disposed:false
26 http fetch GET 200 https://registry.npmjs.org/elliptic 613ms (cache revalidated)
27 silly packumentCache corgi:https://registry.npmjs.org/elliptic set size:64999 disposed:false
28 http fetch GET 200 https://registry.npmjs.org/ws 626ms (cache revalidated)
29 silly packumentCache corgi:https://registry.npmjs.org/ws set size:190597 disposed:false
30 silly packumentCache corgi:https://registry.npmjs.org/@ethersproject%2fproviders cache-miss
31 http fetch GET 200 https://registry.npmjs.org/@ethersproject%2fproviders 255ms (cache revalidated)
32 silly packumentCache corgi:https://registry.npmjs.org/@ethersproject%2fproviders set size:248939 disposed:false
33 silly packumentCache corgi:https://registry.npmjs.org/@ethersproject%2fsigning-key cache-miss
34 silly packumentCache corgi:https://registry.npmjs.org/ethereumjs-util cache-miss
35 silly packumentCache corgi:https://registry.npmjs.org/secp256k1 cache-miss
36 http fetch GET 200 https://registry.npmjs.org/secp256k1 198ms (cache revalidated)
37 silly packumentCache corgi:https://registry.npmjs.org/secp256k1 set size:62615 disposed:false
38 http fetch GET 200 https://registry.npmjs.org/ethereumjs-util 218ms (cache revalidated)
39 silly packumentCache corgi:https://registry.npmjs.org/ethereumjs-util set size:95236 disposed:false
40 http fetch GET 200 https://registry.npmjs.org/@ethersproject%2fsigning-key 256ms (cache revalidated)
41 silly packumentCache corgi:https://registry.npmjs.org/@ethersproject%2fsigning-key set size:73186 disposed:false
42 silly packumentCache corgi:https://registry.npmjs.org/@openzeppelin%2fdefender-sdk-deploy-client cache-miss
43 silly packumentCache corgi:https://registry.npmjs.org/@openzeppelin%2fdefender-sdk-network-client cache-miss
44 silly packumentCache corgi:https://registry.npmjs.org/@swisstronik%2futils cache-miss
45 silly packumentCache corgi:https://registry.npmjs.org/eth-gas-reporter cache-miss
46 http fetch GET 200 https://registry.npmjs.org/eth-gas-reporter 181ms (cache revalidated)
47 silly packumentCache corgi:https://registry.npmjs.org/eth-gas-reporter set size:110101 disposed:false
48 http fetch GET 200 https://registry.npmjs.org/@openzeppelin%2fdefender-sdk-deploy-client 1395ms (cache revalidated)
49 silly packumentCache corgi:https://registry.npmjs.org/@openzeppelin%2fdefender-sdk-deploy-client set size:16756 disposed:false
50 http fetch GET 200 https://registry.npmjs.org/@swisstronik%2futils 1454ms (cache revalidated)
51 silly packumentCache corgi:https://registry.npmjs.org/@swisstronik%2futils set size:15473 disposed:false
52 http fetch GET 200 https://registry.npmjs.org/@openzeppelin%2fdefender-sdk-network-client 2025ms (cache revalidated)
53 silly packumentCache corgi:https://registry.npmjs.org/@openzeppelin%2fdefender-sdk-network-client set size:15441 disposed:false
54 silly packumentCache corgi:https://registry.npmjs.org/ethers cache-miss
55 http fetch GET 200 https://registry.npmjs.org/ethers 197ms (cache revalidated)
56 silly packumentCache corgi:https://registry.npmjs.org/ethers set size:678558 disposed:false
57 silly packumentCache corgi:https://registry.npmjs.org/@ethersproject%2fhdnode cache-miss
58 silly packumentCache corgi:https://registry.npmjs.org/@ethersproject%2ftransactions cache-miss
59 silly packumentCache corgi:https://registry.npmjs.org/@ethersproject%2fwallet cache-miss
60 http fetch GET 200 https://registry.npmjs.org/@ethersproject%2fwallet 259ms (cache revalidated)
61 silly packumentCache corgi:https://registry.npmjs.org/@ethersproject%2fwallet set size:112557 disposed:false
62 http fetch GET 200 https://registry.npmjs.org/@ethersproject%2fhdnode 269ms (cache revalidated)
63 silly packumentCache corgi:https://registry.npmjs.org/@ethersproject%2fhdnode set size:88518 disposed:false
64 http fetch GET 200 https://registry.npmjs.org/@ethersproject%2ftransactions 268ms (cache revalidated)
65 silly packumentCache corgi:https://registry.npmjs.org/@ethersproject%2ftransactions set size:84280 disposed:false
66 silly packumentCache corgi:https://registry.npmjs.org/@ethersproject%2fjson-wallets cache-miss
67 http fetch GET 200 https://registry.npmjs.org/@ethersproject%2fjson-wallets 425ms (cache revalidated)
68 silly packumentCache corgi:https://registry.npmjs.org/@ethersproject%2fjson-wallets set size:83133 disposed:false
69 silly packumentCache corgi:https://registry.npmjs.org/@ethersproject%2fabstract-provider cache-miss
70 silly packumentCache corgi:https://registry.npmjs.org/@ethersproject%2fcontracts cache-miss
71 http fetch GET 200 https://registry.npmjs.org/@ethersproject%2fabstract-provider 193ms (cache revalidated)
72 silly packumentCache corgi:https://registry.npmjs.org/@ethersproject%2fabstract-provider set size:85713 disposed:false
73 http fetch GET 200 https://registry.npmjs.org/@ethersproject%2fcontracts 226ms (cache revalidated)
74 silly packumentCache corgi:https://registry.npmjs.org/@ethersproject%2fcontracts set size:120426 disposed:false
75 silly packumentCache corgi:https://registry.npmjs.org/hardhat-gas-reporter cache-miss
76 http fetch GET 200 https://registry.npmjs.org/hardhat-gas-reporter 173ms (cache revalidated)
77 silly packumentCache corgi:https://registry.npmjs.org/hardhat-gas-reporter set size:66215 disposed:false
78 silly packumentCache corgi:https://registry.npmjs.org/@ethersproject%2fabstract-signer cache-miss
79 http fetch GET 200 https://registry.npmjs.org/@ethersproject%2fabstract-signer 251ms (cache revalidated)
80 silly packumentCache corgi:https://registry.npmjs.org/@ethersproject%2fabstract-signer set size:91647 disposed:false
81 silly packumentCache corgi:https://registry.npmjs.org/@ethersproject%2fhash cache-miss
82 http fetch GET 200 https://registry.npmjs.org/@ethersproject%2fhash 229ms (cache revalidated)
83 silly packumentCache corgi:https://registry.npmjs.org/@ethersproject%2fhash set size:80837 disposed:false
84 silly packumentCache corgi:https://registry.npmjs.org/@ethersproject%2fabi cache-miss
85 silly packumentCache corgi:https://registry.npmjs.org/@ethersproject%2fwordlists cache-miss
86 http fetch GET 200 https://registry.npmjs.org/@ethersproject%2fwordlists 225ms (cache revalidated)
87 silly packumentCache corgi:https://registry.npmjs.org/@ethersproject%2fwordlists set size:72894 disposed:false
88 http fetch GET 200 https://registry.npmjs.org/@ethersproject%2fabi 235ms (cache revalidated)
89 silly packumentCache corgi:https://registry.npmjs.org/@ethersproject%2fabi set size:135291 disposed:false
90 silly packumentCache corgi:https://registry.npmjs.org/@nomicfoundation%2fhardhat-verify cache-miss
91 silly packumentCache corgi:https://registry.npmjs.org/hardhat cache-miss
92 silly packumentCache corgi:https://registry.npmjs.org/solidity-coverage cache-miss
93 http fetch GET 200 https://registry.npmjs.org/solidity-coverage 192ms (cache revalidated)
94 silly packumentCache corgi:https://registry.npmjs.org/solidity-coverage set size:216097 disposed:false
95 http fetch GET 200 https://registry.npmjs.org/hardhat 209ms (cache revalidated)
96 silly packumentCache corgi:https://registry.npmjs.org/hardhat set size:512614 disposed:false
97 http fetch GET 200 https://registry.npmjs.org/@nomicfoundation%2fhardhat-verify 370ms (cache revalidated)
98 silly packumentCache corgi:https://registry.npmjs.org/@nomicfoundation%2fhardhat-verify set size:28943 disposed:false
99 silly packumentCache corgi:https://registry.npmjs.org/@nomicfoundation%2fhardhat-chai-matchers cache-miss
100 silly packumentCache corgi:https://registry.npmjs.org/@nomicfoundation%2fhardhat-ethers cache-miss
101 silly packumentCache corgi:https://registry.npmjs.org/@nomicfoundation%2fhardhat-ignition cache-miss
102 silly packumentCache corgi:https://registry.npmjs.org/@nomicfoundation%2fhardhat-ignition-ethers cache-miss
103 silly packumentCache corgi:https://registry.npmjs.org/@nomicfoundation%2fhardhat-network-helpers cache-miss
104 silly packumentCache corgi:https://registry.npmjs.org/@nomicfoundation%2fhardhat-toolbox cache-miss
105 silly packumentCache corgi:https://registry.npmjs.org/@openzeppelin%2fhardhat-upgrades cache-miss
106 silly packumentCache corgi:https://registry.npmjs.org/@typechain%2fhardhat cache-miss
107 http fetch GET 200 https://registry.npmjs.org/@nomicfoundation%2fhardhat-toolbox 474ms (cache revalidated)
108 silly packumentCache corgi:https://registry.npmjs.org/@nomicfoundation%2fhardhat-toolbox set size:33137 disposed:false
109 http fetch GET 200 https://registry.npmjs.org/@nomicfoundation%2fhardhat-ignition-ethers 597ms (cache revalidated)
110 silly packumentCache corgi:https://registry.npmjs.org/@nomicfoundation%2fhardhat-ignition-ethers set size:9513 disposed:false
111 http fetch GET 200 https://registry.npmjs.org/@nomicfoundation%2fhardhat-network-helpers 599ms (cache revalidated)
112 silly packumentCache corgi:https://registry.npmjs.org/@nomicfoundation%2fhardhat-network-helpers set size:35785 disposed:false
113 http fetch GET 200 https://registry.npmjs.org/@nomicfoundation%2fhardhat-ethers 626ms (cache revalidated)
114 silly packumentCache corgi:https://registry.npmjs.org/@nomicfoundation%2fhardhat-ethers set size:9193 disposed:false
115 http fetch GET 200 https://registry.npmjs.org/@nomicfoundation%2fhardhat-ignition 643ms (cache revalidated)
116 silly packumentCache corgi:https://registry.npmjs.org/@nomicfoundation%2fhardhat-ignition set size:32629 disposed:false
117 http fetch GET 200 https://registry.npmjs.org/@typechain%2fhardhat 642ms (cache revalidated)
118 silly packumentCache corgi:https://registry.npmjs.org/@typechain%2fhardhat set size:48306 disposed:false
119 http fetch GET 200 https://registry.npmjs.org/@nomicfoundation%2fhardhat-chai-matchers 891ms (cache revalidated)
120 silly packumentCache corgi:https://registry.npmjs.org/@nomicfoundation%2fhardhat-chai-matchers set size:45949 disposed:false
121 http fetch GET 200 https://registry.npmjs.org/@openzeppelin%2fhardhat-upgrades 963ms (cache revalidated)
122 silly packumentCache corgi:https://registry.npmjs.org/@openzeppelin%2fhardhat-upgrades set size:129531 disposed:false
123 silly ADD
124 verbose cwd /root/swisstronik-privateNFT
125 verbose os Linux 5.15.153.1-microsoft-standard-WSL2
126 verbose node v20.16.0
127 verbose npm  v10.8.1
128 verbose exit 0
129 info ok
